TN:
SF:C:/Users/michael/git/Angular-Workshop/deepdive_workshop/project_base/src/polyfills.ts
FNF:0
FNH:0
DA:45,1
DA:46,1
DA:57,1
LF:3
LH:3
BRF:0
BRH:0
end_of_record
TN:
SF:C:/Users/michael/git/Angular-Workshop/deepdive_workshop/project_base/src/test.ts
FN:20,(anonymous_0)
FNF:1
FNH:1
FNDA:1,(anonymous_0)
DA:3,1
DA:4,1
DA:5,1
DA:6,1
DA:7,1
DA:8,1
DA:9,1
DA:10,1
DA:20,1
DA:23,1
DA:28,1
DA:30,1
DA:32,1
LF:13
LH:13
BRF:0
BRH:0
end_of_record
TN:
SF:C:/Users/michael/git/Angular-Workshop/deepdive_workshop/project_base/src/app/pages/home/advanced-simple.service.ts
FN:10,(anonymous_2)
FN:15,AdvancedFlightService
FN:19,(anonymous_4)
FN:30,(anonymous_5)
FNF:4
FNH:1
FNDA:1,(anonymous_2)
FNDA:0,AdvancedFlightService
FNDA:0,(anonymous_4)
FNDA:0,(anonymous_5)
DA:1,1
DA:2,1
DA:5,1
DA:6,1
DA:7,1
DA:10,1
DA:15,0
DA:16,0
DA:19,1
DA:20,0
DA:22,0
DA:23,0
DA:25,0
DA:26,0
DA:28,0
DA:31,0
DA:32,0
DA:37,1
LF:18
LH:8
BRDA:32,0,0,0
BRDA:32,0,1,0
BRDA:15,1,0,1
BRDA:15,1,1,0
BRDA:15,2,0,1
BRF:5
BRH:2
end_of_record
TN:
SF:C:/Users/michael/git/Angular-Workshop/deepdive_workshop/project_base/src/app/pages/home/simple.service.ts
FN:4,(anonymous_2)
FN:6,FlightService
FN:8,(anonymous_4)
FNF:3
FNH:3
FNDA:1,(anonymous_2)
FNDA:2,FlightService
FNDA:1,(anonymous_4)
DA:1,1
DA:4,1
DA:8,1
DA:9,1
DA:16,1
LF:5
LH:5
BRF:0
BRH:0
end_of_record
TN:
SF:C:/Users/michael/git/Angular-Workshop/deepdive_workshop/project_base/src/app/pages/home/my-control/my-control.component.ts
FN:11,(anonymous_2)
FN:25,MyControlComponent
FN:21,(anonymous_4)
FN:28,(anonymous_5)
FN:32,(anonymous_6)
FN:36,(anonymous_7)
FNF:6
FNH:5
FNDA:1,(anonymous_2)
FNDA:4,MyControlComponent
FNDA:0,(anonymous_4)
FNDA:4,(anonymous_5)
FNDA:1,(anonymous_6)
FNDA:1,(anonymous_7)
DA:1,1
DA:11,1
DA:14,4
DA:17,1
DA:19,1
DA:21,1
DA:22,0
DA:28,1
DA:29,4
DA:32,1
DA:33,1
DA:36,1
DA:37,1
DA:40,1
LF:14
LH:13
BRF:0
BRH:0
end_of_record
